<html><body><h1>Test Execution Summary - 19-Apr-2017 22:48:27</h1>htmlsampleTest0(TestJava.JunitHtmlSampleTest) success!<br/>htmlsampleTest1(TestJava.JunitHtmlSampleTest) AssertionError<br/>htmlsampleTest2(TestJava.JunitHtmlSampleTest) success!<br/>htmlsampleTest4(TestJava.JunitHtmlSampleTest) AssertionError<br/></body></html>